1.97069
2.0493
2.16544
1.88795
2.15381
1.96162
2.2213
2.03886
2.10749
2.05685
2.12029
2.19495
2.02341
2.16443
2.06649
1.88008
2.00341
2.04252
2.0671
2.02878
2.08122
2.0339
1.9601
2.26624
2.14305
1.96976
2.14066
2.06075
1.92851
1.93997
2.02033
1.99129
1.95635
2.05444
2.1409
1.88794
2.12833
1.98407
1.96818
1.95506
2.15036
1.97559
2.07302
2.02789
2.07806
2.05907
2.05957
2.06183
2.13746
1.9795
2.16852
1.91507
2.07078
1.97545
2.06451
2.03406
1.91838
2.19192
1.86275
1.83282
2.03244
2.00159
2.01882
2.06008
1.95762
2.20403
1.95883
2.00427
2.15487
2.04553
2.05205
1.90835
2.21191
2.04288
1.90763
2.0129
1.9563
2.05772
1.97468
2.19606
2.05062
1.95624
2.19486
1.88991
2.14179
2.00257
1.99806
2.07751
2.03397
2.14506
2.16558
2.14745
2.15034
2.17482
2.02452
1.90915
1.98439
2.10563
2.18159
1.89903
