0.0229203
0.0280471
0.0258252
0.0236647
0.0240113
0.028114
0.0286319
0.0220543
0.0238062
0.0249166
0.0232192
0.0226727
0.0239165
0.0273866
0.0282603
0.0245162
0.0231406
0.0272451
0.0277576
0.0234189
0.0211354
0.0226113
0.0205001
0.0225957
0.0274598
0.0224069
0.028039
0.0213246
0.0249325
0.0268495
0.0243499
0.0276232
0.0192623
0.0234192
0.0241311
0.0268388
0.0278713
0.0176847
0.0283359
0.0167194
0.022672
0.0276945
0.0238092
0.0171334
0.022591
0.0280618
0.0238533
0.019685
0.0244709
0.0237325
0.0242103
0.0282945
0.0194226
0.0235592
0.0244404
0.0237971
0.0223499
0.0287587
0.0229749
0.0274648
0.022123
0.0254747
0.0229099
0.0270679
0.0283617
0.024527
0.0247153
0.0184392
0.024404
0.0228998
0.0228315
0.0241926
0.024332
0.0198864
0.0219661
0.0242999
0.0230155
0.0244223
0.025132
0.0256603
0.0271784
0.0284281
0.0212095
0.0196289
0.0253512
0.0228801
0.0279049
0.0226257
0.0171359
0.0259497
0.0206211
0.0270783
0.0206184
0.0225875
0.0233855
0.0206009
0.0250043
0.0196729
0.0240314
0.0221417
