0.114471
0.0730713
0.162017
0.107594
0.188367
0.104337
0.100109
0.143142
0.159935
0.191626
0.0862839
0.137308
0.0871661
0.119868
0.139769
0.0885421
0.103259
0.0804863
0.179162
0.177097
0.156496
0.124083
0.152844
0.153753
0.115143
0.110535
0.094436
0.0721716
0.144526
0.117652
0.190159
0.0667367
0.0746178
0.084828
0.108995
0.116805
0.0832221
0.0835882
0.124493
0.106407
0.133007
0.130077
0.0913961
0.120319
0.0920643
0.124484
0.12498
0.170768
0.0878629
0.131332
0.111256
0.111919
0.0837969
0.0812313
0.0754266
0.128053
0.0923704
0.148014
0.13037
0.113343
0.0755004
0.144412
0.0822289
0.125529
0.0732404
0.0886163
0.142794
0.0757628
0.0841205
0.0864088
0.112696
0.132853
0.124912
0.142362
0.149905
0.13125
0.146782
0.137251
0.10328
0.131577
0.140695
0.078268
0.115155
0.0937909
0.18072
0.0886715
0.123133
0.158954
0.194689
0.0937144
0.130397
0.0652503
0.150979
0.0804507
0.101791
0.106896
0.067423
0.124343
0.132294
0.0699901
