0.209413
0.294934
0.210492
0.316598
0.170847
0.20038
0.307759
0.309825
0.182879
0.304729
0.235585
0.279547
0.221267
0.196662
0.204245
0.185636
0.207661
0.26457
0.24809
0.272266
0.247997
0.296543
0.212498
0.292402
0.191827
0.17505
0.179603
0.247468
0.22779
0.233177
0.22535
0.274988
0.239611
0.220416
0.294101
0.239564
0.223207
0.237745
0.186268
0.197478
0.181967
0.313562
0.193206
0.226524
0.230388
0.265632
0.295329
0.210587
0.250834
0.309688
0.21722
0.161794
0.243911
0.21132
0.22311
0.192746
0.235123
0.209023
0.257987
0.271445
0.220378
0.185071
0.264782
0.237603
0.211828
0.309199
0.203168
0.296887
0.219738
0.222404
0.22348
0.195701
0.205441
0.190404
0.212666
0.18295
0.203933
0.210754
0.227111
0.155701
0.296584
0.177483
0.253958
0.208572
0.221366
0.279545
0.208759
0.226582
0.312221
0.196709
0.301546
0.217255
0.216093
0.196922
0.224063
0.186957
0.149542
0.203177
0.247131
0.318539
