0.383803
0.329613
0.402581
0.387971
0.329626
0.460443
0.352492
0.326601
0.388346
0.400219
0.326279
0.400631
0.313667
0.310555
0.399103
0.391161
0.313241
0.366453
0.390718
0.395918
0.384599
0.441225
0.34518
0.418046
0.320291
0.379782
0.410152
0.412156
0.397773
0.393958
0.380928
0.312241
0.436898
0.401879
0.377444
0.403028
0.411913
0.340622
0.422176
0.359751
0.399383
0.362091
0.376492
0.307108
0.37383
0.383634
0.403743
0.435946
0.399118
0.34457
0.416209
0.432171
0.363198
0.427029
0.335552
0.458277
0.38841
0.340314
0.303939
0.333659
0.312547
0.446919
0.318577
0.388562
0.360577
0.344375
0.364766
0.385434
0.410734
0.429756
0.311626
0.317818
0.342177
0.49769
0.356059
0.345287
0.322314
0.365222
0.335704
0.362913
0.341035
0.297242
0.457264
0.317956
0.312787
0.361004
0.390995
0.414774
0.338294
0.354131
0.313375
0.433551
0.354498
0.376645
0.371856
0.35088
0.352828
0.383481
0.339955
0.355492
