0.52355
0.490839
0.531235
0.508534
0.561282
0.532787
0.548345
0.537675
0.586455
0.592186
0.605815
0.63372
0.478783
0.534656
0.553273
0.522583
0.591989
0.587388
0.575887
0.587942
0.550105
0.518443
0.536484
0.557771
0.522883
0.511638
0.553422
0.557237
0.579407
0.526521
0.454999
0.583287
0.458807
0.567111
0.535819
0.510773
0.514431
0.50483
0.569826
0.563412
0.525593
0.58751
0.580663
0.534909
0.538409
0.492218
0.486825
0.535443
0.501478
0.525451
0.562228
0.566185
0.496881
0.494397
0.577715
0.561265
0.553883
0.582562
0.532825
0.522809
0.484444
0.529932
0.593347
0.511573
0.504669
0.522846
0.44489
0.494198
0.577146
0.483686
0.503065
0.553247
0.49758
0.611814
0.584545
0.420251
0.489578
0.566539
0.504429
0.486524
0.582198
0.458907
0.530897
0.599422
0.469593
0.588
0.481012
0.517967
0.429257
0.583002
0.518462
0.597261
0.578219
0.600033
0.435587
0.441454
0.539829
0.54718
0.506226
0.554128
