0.72406
0.675117
0.692819
0.808248
0.82527
0.709126
0.769957
0.70625
0.796479
0.709126
0.799862
0.796693
0.84783
0.666849
0.795283
0.776341
0.812195
0.761306
0.860932
0.749289
0.840064
0.706812
0.70058
0.773268
0.858313
0.775112
0.764622
0.745521
0.763057
0.603474
0.697257
0.814459
0.81031
0.711886
0.687046
0.752984
0.79214
0.892773
0.724437
0.804937
0.757228
0.788487
0.76177
0.739121
0.722505
0.833593
0.73603
0.600652
0.822071
0.725983
0.745056
0.72735
0.749062
0.761854
0.794963
0.751709
0.803447
0.799907
0.72638
0.784581
0.840201
0.797971
0.690063
0.772403
0.792837
0.769535
0.725064
0.751916
0.800934
0.703103
0.776114
0.82713
0.805319
0.720959
0.781935
0.786462
0.703317
0.698461
0.681982
0.83198
0.745764
0.740333
0.75019
0.718344
0.813852
0.786512
0.85326
0.814562
0.687344
0.737475
0.814508
0.713771
0.854162
0.722719
0.786186
0.725004
0.76085
0.715013
0.704299
0.72995
