1.05348
1.00641
1.07986
0.936589
1.09685
1.00882
1.05573
1.11137
0.987495
1.03612
1.11543
1.00058
1.06054
1.03813
1.02285
1.00092
1.11627
0.957467
0.970653
1.08202
1.01201
1.08982
1.0151
0.99949
0.950519
1.18151
1.05552
0.918679
1.05523
1.01917
0.983186
1.05692
0.976035
0.941246
0.997853
0.967352
0.888415
0.899511
1.04705
1.03409
0.981258
0.998571
1.04056
1.04001
1.04734
1.01157
1.00345
0.930124
1.03365
0.968113
0.935797
1.05284
1.01469
1.06997
0.948849
1.01029
0.924905
1.05434
0.907565
0.958996
1.03099
1.06068
0.902658
1.06881
0.999099
1.07373
0.933295
0.993328
0.903389
1.02922
0.963483
0.984655
1.05566
1.08081
0.981952
1.06119
0.968027
1.04372
1.01629
0.973128
1.09935
0.980621
1.04072
1.01573
1.01997
1.09659
0.94019
1.03505
1.02919
1.02464
1.05941
1.0771
1.03567
1.04743
0.910699
1.02357
1.05982
1.02836
1.02845
1.0146
