1.38705
1.26814
1.30252
1.23174
1.38035
1.28357
1.28363
1.30664
1.32604
1.24726
1.30207
1.24369
1.32793
1.24962
1.33644
1.33863
1.22208
1.35295
1.37603
1.29623
1.27594
1.29741
1.34515
1.36994
1.27713
1.19957
1.33168
1.20671
1.32449
1.34927
1.28445
1.41271
1.23777
1.2564
1.30416
1.24773
1.22689
1.3934
1.32242
1.2707
1.26837
1.3245
1.39874
1.29232
1.2304
1.28982
1.3395
1.25233
1.16661
1.31497
1.2643
1.28538
1.44032
1.1898
1.31869
1.36427
1.35366
1.29172
1.31189
1.16639
1.29248
1.32465
1.36213
1.33324
1.3427
1.28596
1.43796
1.2497
1.34333
1.31736
1.4027
1.31127
1.26375
1.28868
1.29663
1.2662
1.32469
1.30047
1.34371
1.37762
1.34197
1.34585
1.2554
1.25387
1.3273
1.36229
1.29331
1.32747
1.27266
1.36527
1.39915
1.39868
1.27912
1.29598
1.24382
1.29135
1.19412
1.26605
1.3342
1.23673
