1.65919
1.54495
1.67403
1.73707
1.62666
1.75392
1.6463
1.74813
1.67634
1.68381
1.58818
1.60398
1.51196
1.49317
1.67477
1.5583
1.70706
1.65668
1.65771
1.82821
1.73896
1.67697
1.65165
1.77081
1.66846
1.6253
1.73995
1.66525
1.74767
1.45309
1.6762
1.74769
1.62732
1.57933
1.68171
1.3377
1.57414
1.76101
1.68416
1.70382
1.70277
1.77063
1.66516
1.72904
1.57897
1.69872
1.62922
1.64916
1.62979
1.50913
1.59999
1.64466
1.63655
1.76122
1.65347
1.75504
1.55513
1.5656
1.70408
1.66467
1.59975
1.57266
1.6165
1.4627
1.54831
1.65971
1.60265
1.66825
1.66984
1.6636
1.61005
1.7051
1.62735
1.68305
1.70354
1.59999
1.58894
1.63718
1.61423
1.6987
1.76131
1.5679
1.56241
1.59909
1.73668
1.84397
1.61721
1.71241
1.66139
1.52693
1.58574
1.78778
1.71383
1.7573
1.68012
1.54859
1.55904
1.61922
1.75467
1.56787
