0.0243519
0.024944
0.0307454
0.0247625
0.0293133
0.0299894
0.0262282
0.0247797
0.0261017
0.0263487
0.02703
0.0186991
0.0298051
0.0268812
0.0260792
0.0240327
0.0217416
0.0276665
0.0309399
0.0239554
0.0259333
0.0247372
0.0301379
0.0273894
0.0240492
0.0217545
0.0236268
0.0225632
0.03039
0.0248529
0.0237381
0.0301724
0.0244701
0.0265612
0.0240014
0.0292122
0.0187017
0.0251016
0.0308071
0.0212343
0.0264375
0.0244289
0.0295021
0.0304559
0.0257531
0.0225671
0.020938
0.0251445
0.0280727
0.0249625
0.0199188
0.0256403
0.0229381
0.0300942
0.0247551
0.0246132
0.0255743
0.0297496
0.0258271
0.0270454
0.0260921
0.0281729
0.0231829
0.0262065
0.0241415
0.0260275
0.0247987
0.0247303
0.0277372
0.0253386
0.0304141
0.0263544
0.0289565
0.0264891
0.0274128
0.0303765
0.0248396
0.0236386
0.0292924
0.0294653
0.0265289
0.0303735
0.0246143
0.0252191
0.0307171
0.0262916
0.0302649
0.0255995
0.0262906
0.0214594
0.0260821
0.024441
0.0249978
0.025969
0.0258741
0.024561
0.0300641
0.0250278
0.0243994
0.0246428
