0.123192
0.0857722
0.087173
0.116653
0.129666
0.185114
0.200783
0.159437
0.127699
0.205581
0.166769
0.148364
0.169198
0.0780138
0.194995
0.115975
0.0957439
0.179875
0.150628
0.161106
0.0855493
0.106607
0.120565
0.10279
0.112255
0.0968049
0.0987203
0.0980732
0.153115
0.11369
0.1562
0.0991046
0.12896
0.13369
0.120911
0.216217
0.11026
0.177761
0.154154
0.185919
0.100419
0.114851
0.08688
0.0966367
0.174846
0.111575
0.149833
0.117245
0.151503
0.163714
0.0861321
0.138449
0.145438
0.0904284
0.147366
0.0897289
0.0790306
0.100814
0.156636
0.134887
0.0935026
0.0984015
0.192271
0.107735
0.159562
0.223102
0.181278
0.0957514
0.116867
0.2159
0.142938
0.13825
0.168486
0.0876374
0.147473
0.111234
0.156265
0.13522
0.106695
0.11149
0.15662
0.138379
0.160248
0.106249
0.179806
0.124788
0.112239
0.102871
0.099057
0.145022
0.125402
0.199911
0.104318
0.119959
0.0954707
0.0928939
0.221725
0.174192
0.190728
0.0927253
