1.30383
1.29898
1.31351
1.20162
1.23026
1.2987
1.23801
1.25295
1.2863
1.36501
1.15213
1.30329
1.32578
1.16921
1.30249
1.22861
1.22224
1.28476
1.32296
1.24633
1.37102
1.34076
1.35857
1.10981
1.24251
1.34478
1.22819
1.21851
1.34625
1.17741
1.26149
1.35198
1.25387
1.27743
1.32692
1.24489
1.28827
1.29715
1.3375
1.32115
1.22597
1.29579
1.22571
1.31201
1.13151
1.28306
1.33495
1.28637
1.37113
1.35685
1.33537
1.34019
1.27536
1.322
1.35773
1.29432
1.24805
1.31546
1.16773
1.26752
1.30142
1.32435
1.3469
1.15544
1.34536
1.20483
1.18714
1.17857
1.26145
1.24052
1.23409
1.3212
1.3637
1.34481
1.29589
1.25554
1.23314
1.30812
1.33045
1.23754
1.0908
1.34599
1.21542
1.35353
1.3701
1.34705
1.30517
1.21272
1.23901
1.32834
1.2098
1.2989
1.15343
1.33083
1.2138
1.20543
1.33096
1.29221
1.3406
1.33192
