0.88506
0.969996
0.913195
0.854876
0.90867
0.837761
0.94431
0.958265
0.870087
0.949218
0.846618
0.842828
0.937215
0.843652
0.960173
1.04045
0.965409
0.873299
0.928253
0.875931
0.922765
0.861967
0.955582
0.984755
0.974809
0.959438
0.930209
0.92381
0.886421
0.895562
0.98223
0.884741
1.00596
0.918194
0.851899
0.993419
0.911404
0.9004
0.870445
0.958507
0.827014
0.989213
0.907703
0.915969
0.946568
0.961157
0.842757
0.978524
0.894947
0.989351
0.929222
0.891631
0.825378
0.85408
0.768018
0.917096
0.976933
0.532835
0.804133
0.933318
0.900297
0.975202
0.884024
0.883703
0.956269
0.836517
0.964304
0.899305
0.853889
0.885756
0.930419
0.897828
0.84191
0.965108
0.934727
0.772327
0.95426
0.960541
0.73095
1.03467
0.936664
0.89269
0.959849
0.817
0.935037
0.950345
0.918273
0.934403
0.840431
0.917921
0.933803
0.932056
0.884728
0.943219
0.934106
1.02718
0.86488
0.893199
0.929533
0.883198
