1.14513
0.945442
1.10795
1.15853
1.11238
1.12186
1.10175
1.0716
1.10489
1.1187
1.00892
1.0976
1.11512
1.13066
1.12878
1.07708
1.18879
1.10731
1.15177
1.07852
1.02079
1.07569
1.12407
1.03777
1.14014
1.05753
1.10424
1.13258
0.928745
1.08157
1.11107
1.03678
1.04715
1.0882
1.10732
1.15595
1.02708
1.10194
1.00805
1.11948
1.1178
0.956694
0.86244
1.09203
1.14572
1.1168
1.07755
1.03708
0.911553
1.06737
1.06339
1.03451
0.929478
1.01922
1.13031
1.20126
1.07741
1.05064
1.13416
1.15761
1.19308
1.10207
1.14104
1.10418
1.13928
1.08635
1.09399
1.12211
1.09595
1.0771
1.05384
1.1045
1.12954
1.0435
1.10907
1.19163
1.01457
0.969257
1.24081
1.097
1.17013
1.00851
0.947537
1.19883
1.09177
1.08419
0.987255
1.15236
1.04158
1.09794
1.1176
1.17767
1.07186
1.11654
1.10545
1.14022
1.11266
1.02388
1.13691
1.07928
