0.190813
0.211267
0.233362
0.286775
0.175848
0.207659
0.173339
0.197903
0.315335
0.271023
0.240911
0.263795
0.18349
0.27618
0.193725
0.197661
0.240131
0.196832
0.178838
0.23446
0.211817
0.239248
0.13645
0.278435
0.155708
0.210099
0.18007
0.300973
0.200855
0.283185
0.222423
0.18991
0.193883
0.239807
0.171611
0.194761
0.212773
0.173333
0.261978
0.157166
0.269646
0.16899
0.218244
0.25888
0.165358
0.21267
0.146812
0.289729
0.15445
0.174557
0.300383
0.164721
0.142986
0.217586
0.166029
0.303429
0.27359
0.184049
0.245081
0.273937
0.184455
0.179669
0.210815
0.293
0.129544
0.193734
0.262705
0.290973
0.297347
0.164621
0.208705
0.14375
0.289093
0.173265
0.235668
0.239939
0.253815
0.14582
0.18943
0.218424
0.250542
0.179983
0.19828
0.174124
0.153584
0.284645
0.251247
0.251661
0.206876
0.29969
0.169598
0.181129
0.196481
0.199213
0.201751
0.295349
0.212409
0.170808
0.211005
0.268462
