0.401806
0.387858
0.384796
0.387719
0.36286
0.441771
0.410419
0.344604
0.348729
0.419002
0.303223
0.399834
0.354192
0.355046
0.425942
0.613368
0.419292
0.395674
0.349173
0.431891
0.431142
0.388546
0.372406
0.484186
0.450334
0.445126
0.499778
0.407358
0.37377
0.380513
0.383385
0.400382
0.49997
0.324197
0.427646
0.432606
0.351175
0.347731
0.41599
0.487653
0.402004
0.483869
0.37732
0.397674
0.364131
0.303122
0.521554
0.342811
0.397698
0.338496
0.429577
0.34146
0.407824
0.566068
0.390257
0.460735
0.374104
0.357292
0.42323
0.364819
0.379477
0.378441
0.359722
0.34358
0.342251
0.455593
0.417429
0.399845
0.372376
0.34297
0.398301
0.341683
0.497565
0.314433
0.409197
0.404369
0.380499
0.419354
0.367646
0.406377
0.287119
0.347043
0.499933
0.397852
0.359713
0.392852
0.377444
0.360828
0.42649
0.343319
0.376953
0.382489
0.366377
0.356063
0.421289
0.351444
0.403702
0.334657
0.389531
0.36862
