0.817812
0.751175
0.753105
0.817648
0.803826
0.682353
0.749164
0.805388
0.765956
0.753892
0.688726
0.750729
0.759122
0.769298
0.721274
0.775566
0.627558
0.595009
0.628405
0.769286
0.581073
0.759847
0.70211
0.643721
0.756403
0.733522
0.752547
0.718049
0.666195
0.771132
0.77649
0.811028
0.77712
0.756704
0.631208
0.804689
0.749682
0.770745
0.690054
0.744757
0.751894
0.69452
0.755907
0.540959
0.811182
0.699049
0.796666
0.679929
0.63609
0.651784
0.818912
0.744217
0.791712
0.747792
0.75235
0.699748
0.753524
0.814664
0.787271
0.769687
0.765638
0.563538
0.757696
0.739354
0.689582
0.746434
0.710597
0.652076
0.648763
0.774074
0.784095
0.809628
0.642506
0.740818
0.784514
0.73669
0.67634
0.735557
0.820548
0.709275
0.69872
0.663
0.751697
0.715942
0.779659
0.720752
0.708472
0.638574
0.714697
0.778643
0.742733
0.685251
0.665699
0.623354
0.745968
0.799287
0.70794
0.706591
0.805916
0.739404
