0.328144
0.3361
0.281745
0.268889
0.276943
0.301604
0.245069
0.281285
0.367011
0.313209
0.28619
0.279931
0.327015
0.348453
0.315232
0.263863
0.30932
0.203007
0.27464
0.322528
0.328015
0.317337
0.272815
0.283848
0.300651
0.324286
0.270597
0.360353
0.245629
0.327787
0.255107
0.293573
0.312009
0.32066
0.340738
0.279769
0.294184
0.395878
0.285396
0.29343
0.309222
0.301246
0.237617
0.25634
0.281189
0.279124
0.293596
0.293656
0.289772
0.322316
0.266037
0.23645
0.299435
0.336573
0.279953
0.314592
0.268967
0.337867
0.282067
0.266183
0.245768
0.47967
0.297333
0.360787
0.333282
0.245689
0.281463
0.25989
0.290982
0.309295
0.28416
0.342246
0.327788
0.317428
0.264825
0.264522
0.289313
0.349213
0.275709
0.261725
0.285471
0.32842
0.276217
0.323199
0.355255
0.322998
0.251845
0.267335
0.26131
0.297485
0.283656
0.236002
0.294567
0.327217
0.287831
0.337269
0.292411
0.330822
0.307961
0.297594
