0.474961
0.663796
0.572181
0.527503
0.518324
0.571808
0.607476
0.501544
0.538732
0.609129
0.52491
0.524449
0.466676
0.618761
0.659614
0.57531
0.543968
0.548123
0.5522
0.615041
0.59417
0.523717
0.550371
0.50035
0.586719
0.53309
0.56163
0.604808
0.59322
0.538197
0.598589
0.60865
0.583961
0.657022
0.624065
0.573037
0.600814
0.659558
0.610205
0.394653
0.620285
0.627448
0.65225
0.519142
0.536146
0.572778
0.607609
0.493437
0.667622
0.618982
0.554679
0.487419
0.528332
0.555227
0.585797
0.630657
0.593381
0.488067
0.544013
0.526385
0.594284
0.481896
0.469765
0.610923
0.467457
0.669252
0.647058
0.534134
0.570017
0.507657
0.535243
0.516695
0.480962
0.571449
0.476053
0.517357
0.605681
0.579113
0.623328
0.611179
0.6112
0.549625
0.576547
0.468113
0.559747
0.557888
0.561249
0.531863
0.585148
0.602338
0.569625
0.501735
0.555698
0.617517
0.587104
0.544543
0.559696
0.603996
0.593155
0.470027
