0.55747
0.736958
0.696586
0.667047
0.641466
0.657123
0.716964
0.606156
0.467563
0.758569
0.58753
0.581277
0.625939
0.686621
0.701735
0.691727
0.625703
0.719888
0.635601
0.595207
0.696436
0.526471
0.630874
0.666592
0.669429
0.662577
0.667242
0.703964
0.658226
0.662454
0.70025
0.657911
0.671491
0.521741
0.502789
0.662886
0.646061
0.627109
0.640271
0.598197
0.594999
0.715992
0.740379
0.505748
0.552661
0.686971
0.828022
0.68906
0.658005
0.597803
0.612219
0.691754
0.605489
0.691298
0.75267
0.621142
0.667494
0.752237
0.665759
0.59161
0.74978
0.612697
0.642292
0.613851
0.458483
0.638761
0.711325
0.610591
0.697299
0.524794
0.702753
0.609731
0.631582
0.726241
0.679505
0.620872
0.606376
0.613122
0.681526
0.649916
0.604262
0.591462
0.695735
0.70075
0.649559
0.648934
0.632408
0.616901
0.579008
0.60353
0.600564
0.58775
0.665477
0.654455
0.538373
0.661354
0.710203
0.738209
0.698105
0.671839
