0.0254036
0.018925
0.0237771
0.02442
0.0226361
0.028413
0.0274459
0.0239201
0.0265971
0.0223111
0.0273514
0.0216895
0.0231614
0.0217523
0.0213653
0.0230042
0.0236529
0.0234443
0.0195445
0.0235702
0.0245964
0.0249908
0.02418
0.0278468
0.0214876
0.0282719
0.0189097
0.0249441
0.0255784
0.0193461
0.0257095
0.027045
0.0249254
0.0239176
0.0267647
0.0236484
0.0226693
0.0226675
0.0284582
0.022722
0.0226501
0.0239985
0.0272431
0.0234079
0.0247331
0.0269492
0.0246293
0.0171189
0.0249221
0.0229342
0.025327
0.0265884
0.0252373
0.0219736
0.0276581
0.0236842
0.0236008
0.0226166
0.0223714
0.0234758
0.0253592
0.0240747
0.0226705
0.0241755
0.0274183
0.0255726
0.0227913
0.0266064
0.0245113
0.0201116
0.0218126
0.0253099
0.017747
0.0239592
0.0231798
0.0224958
0.0233738
0.0242118
0.0273294
0.0261866
0.0272865
0.0179039
0.0220487
0.0229721
0.0195509
0.0265639
0.026874
0.0234944
0.0214641
0.0161085
0.02844
0.027337
0.0225753
0.0223563
0.0251848
0.0273011
0.0223641
0.0223924
0.025147
0.0239324
