0.35853
0.387665
0.348637
0.466311
0.30722
0.456298
0.39936
0.417768
0.325149
0.423449
0.310626
0.425715
0.425834
0.38513
0.289039
0.433513
0.416333
0.399175
0.379884
0.357862
0.34718
0.279745
0.406394
0.423625
0.410557
0.379089
0.490791
0.361123
0.329663
0.340633
0.370167
0.374884
0.389737
0.435225
0.372336
0.463793
0.274333
0.296893
0.461982
0.37086
0.433634
0.330792
0.36962
0.418978
0.431612
0.330387
0.375011
0.403619
0.405308
0.360279
0.348119
0.371702
0.38706
0.472014
0.319443
0.35491
0.3763
0.372468
0.386282
0.330818
0.300815
0.588159
0.398099
0.33353
0.289733
0.408941
0.400588
0.400122
0.3809
0.357662
0.352674
0.431731
0.340172
0.42964
0.403364
0.296204
0.460876
0.400123
0.370671
0.382017
0.348283
0.397713
0.435431
0.462592
0.359333
0.370358
0.36388
0.310595
0.460341
0.311747
0.354492
0.368372
0.394848
0.415636
0.34361
0.436443
0.393041
0.414444
0.381428
0.334662
