0.827112
0.736636
0.84278
0.809529
0.900413
0.899432
0.662474
0.816125
0.767975
0.782705
0.805035
0.721273
0.725581
0.811112
0.820096
0.812326
0.707046
0.877808
0.754697
0.9012
0.734734
0.847632
0.8619
0.755771
0.827557
0.837534
0.744904
0.817414
0.679366
0.883964
0.883819
0.835576
0.870144
0.790653
0.842455
0.78337
0.716229
0.784982
0.845071
0.714453
0.895264
0.830231
0.692845
0.906445
0.840422
0.797324
0.778773
0.823224
0.793609
0.661555
0.86228
0.810628
0.807514
0.82045
0.77273
0.752525
0.793289
0.812677
0.88957
0.729323
0.90446
0.807289
0.794706
0.920171
0.850269
0.836697
0.809415
0.683509
0.539511
0.796611
0.729956
0.850005
0.744434
0.788851
0.736603
0.84791
0.867994
0.888816
0.810626
0.845832
0.826362
0.847638
0.868245
0.739959
0.722994
0.813888
0.728581
0.807681
0.883598
0.672622
0.801309
0.896925
0.87992
0.833339
0.667997
0.77552
0.77022
0.867837
0.830127
0.757521
