0.202896
0.259093
0.234088
0.205258
0.214899
0.246531
0.243266
0.234472
0.117422
0.142723
0.286856
0.157578
0.245209
0.203403
0.11935
0.246595
0.144432
0.253589
0.257207
0.153407
0.225353
0.218667
0.253594
0.12323
0.17291
0.21935
0.193232
0.267338
0.225567
0.21249
0.157591
0.148025
0.203859
0.257193
0.214245
0.189234
0.147742
0.221783
0.169917
0.296458
0.17966
0.203683
0.227535
0.245977
0.209002
0.259921
0.232364
0.190991
0.211569
0.199719
0.148405
0.286078
0.159175
0.266068
0.323881
0.185274
0.135774
0.157994
0.165414
0.262745
0.255556
0.159027
0.19078
0.195672
0.169665
0.154213
0.186011
0.258321
0.148444
0.264203
0.186427
0.158032
0.177741
0.210645
0.142951
0.252968
0.258305
0.196928
0.195341
0.162608
0.231881
0.24986
0.16451
0.156662
0.183081
0.22075
0.152287
0.161275
0.167702
0.215662
0.162801
0.25766
0.284738
0.243069
0.170694
0.246733
0.229991
0.261352
0.249517
0.234101
