1.15043
1.1112
1.18038
1.10613
1.07928
1.11794
1.07801
1.03967
1.06038
1.11661
0.944129
1.10129
1.21409
1.17322
1.12632
1.20098
1.20254
1.06973
1.10774
1.19662
1.17615
1.22264
0.950488
1.04012
1.23291
1.11687
1.2109
1.10102
1.16594
1.15213
1.11665
1.18221
1.09647
1.21892
1.18869
1.07478
1.13185
1.15741
1.13565
1.26623
1.21501
1.0486
1.09558
1.07418
1.23192
1.13816
1.12911
1.16483
1.06445
1.25418
1.16651
1.13678
1.02944
1.03634
1.17158
1.11798
1.11301
0.983518
1.19261
1.14376
1.13775
1.07726
1.1677
1.03277
1.15913
0.985301
1.13762
1.12652
1.19047
1.21145
1.10252
1.16874
0.939505
1.16136
1.16688
1.20767
1.14025
1.17395
1.16174
1.13729
1.10393
1.1191
1.0063
1.04759
1.09278
1.13158
1.22108
1.09836
0.842577
1.06616
0.948764
0.945549
1.10268
1.20983
1.15736
1.13334
1.16407
1.08923
1.04489
1.22645
