0.150808
0.0951149
0.156187
0.0639974
0.100696
0.0691551
0.0687231
0.0776741
0.0769509
0.101179
0.0790669
0.0763892
0.116599
0.094154
0.0977963
0.101478
0.122611
0.0916664
0.0695954
0.087483
0.0717118
0.149729
0.0916281
0.0785512
0.0976665
0.124128
0.162141
0.081483
0.198167
0.0923033
0.119879
0.143786
0.0888808
0.0758293
0.162479
0.205293
0.108589
0.107874
0.0598848
0.0850492
0.0779421
0.0926014
0.0979774
0.0909758
0.103336
0.0807996
0.191832
0.166982
0.0912971
0.0888431
0.0938977
0.0887882
0.14724
0.0932044
0.0972655
0.109805
0.149225
0.132773
0.173319
0.103033
0.197249
0.0692963
0.0771372
0.0834554
0.0905741
0.0888506
0.106334
0.0931761
0.0904475
0.16401
0.0894624
0.0918912
0.153841
0.127315
0.0804303
0.0920818
0.0824043
0.133961
0.134132
0.0845346
0.0878617
0.0913911
0.0892308
0.0767126
0.0687
0.0790708
0.0944037
0.0978202
0.0905021
0.15582
0.149261
0.0755662
0.112698
0.149802
0.0893824
0.142506
0.149685
0.15267
0.0706095
0.113041
