0.255408
0.261255
0.298145
0.274335
0.254333
0.19568
0.293898
0.315824
0.311075
0.260146
0.294859
0.279504
0.299276
0.265444
0.348542
0.273445
0.274935
0.286901
0.214645
0.232067
0.207877
0.243367
0.249765
0.248219
0.231998
0.215246
0.33673
0.252856
0.280245
0.30183
0.222875
0.294442
0.245834
0.277348
0.272212
0.225941
0.317522
0.287624
0.274139
0.291828
0.293524
0.263712
0.355256
0.353697
0.315484
0.238353
0.308334
0.284604
0.196079
0.244018
0.266144
0.233389
0.254456
0.255988
0.271525
0.251469
0.240941
0.260601
0.297038
0.288107
0.293681
0.253359
0.303071
0.259275
0.30413
0.197295
0.347831
0.298261
0.347949
0.26861
0.357053
0.253657
0.303764
0.263242
0.24082
0.230133
0.285645
0.275081
0.294848
0.215684
0.224666
0.313784
0.277971
0.276318
0.219255
0.297814
0.22259
0.267516
0.287583
0.266475
0.23727
0.25032
0.289963
0.232316
0.398161
0.297173
0.314261
0.282219
0.245244
0.306766
