0.51212
0.506636
0.409164
0.463942
0.457536
0.518335
0.471259
0.433957
0.504663
0.435433
0.59876
0.591909
0.499025
0.522855
0.55204
0.522938
0.514124
0.518305
0.577899
0.586611
0.403031
0.354361
0.557397
0.583765
0.512925
0.4979
0.475668
0.518544
0.53214
0.533736
0.533323
0.430662
0.512678
0.555115
0.47876
0.468221
0.364727
0.602287
0.412797
0.444844
0.521025
0.495194
0.566238
0.550048
0.500776
0.353101
0.461497
0.502535
0.5531
0.622369
0.569537
0.457726
0.523855
0.5226
0.51114
0.496726
0.548944
0.52541
0.529542
0.431327
0.50838
0.502704
0.532684
0.530801
0.510781
0.417827
0.577524
0.49805
0.565553
0.456809
0.550302
0.447082
0.487691
0.583752
0.374359
0.485081
0.573865
0.576315
0.470365
0.437394
0.52225
0.530642
0.559504
0.524375
0.427012
0.488711
0.587159
0.553562
0.535704
0.38647
0.363109
0.619556
0.517502
0.363631
0.518199
0.505597
0.491626
0.52256
0.539122
0.577596
