0.986134
0.887276
1.00354
0.954475
0.945371
0.851361
0.867936
1.03762
0.959962
0.986254
0.948689
0.858168
0.991814
1.04384
0.944308
0.96473
0.961773
0.994768
1.02416
0.761435
0.983921
0.911767
0.862431
0.972092
0.877658
0.956919
0.942968
1.00448
0.871878
0.920536
1.01383
0.887434
1.2026
1.06501
0.86883
0.877321
0.924261
0.935356
0.848663
1.00343
0.854777
0.966595
1.00817
0.970816
0.884858
0.976016
0.986254
0.98695
0.84537
0.922136
0.869688
0.997124
0.955245
0.995735
1.01624
0.929104
0.940405
0.947524
0.979024
0.976017
0.995961
0.868714
0.964136
0.94624
1.04894
0.862399
0.828676
1.00324
0.984766
0.946761
0.963838
1.0067
1.02856
0.82733
0.882076
0.91822
0.771268
0.969067
0.979967
1.11679
1.07232
0.934826
0.952182
0.887872
0.971256
0.886238
0.913097
0.970299
1.01865
0.938874
0.743884
0.958053
0.960467
0.977921
0.903535
1.00685
0.947403
0.817259
0.915007
0.978113
