0.0223399
0.0347376
0.0286304
0.0261099
0.0309847
0.0285138
0.030515
0.0270651
0.029572
0.031452
0.0301933
0.027704
0.0352089
0.0299187
0.0241724
0.0229819
0.0281483
0.0313343
0.0281143
0.0296014
0.0288707
0.0315306
0.0350831
0.0277879
0.0236866
0.0267335
0.0283687
0.0292155
0.0269436
0.0275638
0.0268513
0.0266285
0.0259691
0.0284615
0.0354614
0.0361313
0.0285855
0.0349894
0.0270592
0.031352
0.0256319
0.0287623
0.030746
0.0297819
0.027817
0.0349056
0.0276552
0.0248183
0.0281479
0.0312474
0.0299045
0.0296615
0.0281276
0.0318642
0.0279287
0.0353054
0.0278841
0.0245063
0.0252883
0.0347582
0.0230801
0.02315
0.0336765
0.0299381
0.0296445
0.0248585
0.0280083
0.027355
0.029296
0.032929
0.0255913
0.0249501
0.0312394
0.0284066
0.0301271
0.03019
0.0301417
0.0344829
0.0269826
0.026207
0.0264624
0.029122
0.0326527
0.0280546
0.0343764
0.0274742
0.0252349
0.0303233
0.0354094
0.0297693
0.0289635
0.0299133
0.0274702
0.034115
0.029198
0.0267049
0.0310723
0.029218
0.0303413
0.0288668
