0.579342
0.649539
0.66009
0.62802
0.629844
0.631296
0.713017
0.661019
0.665658
0.617316
0.629971
0.685654
0.664321
0.647337
0.686985
0.619481
0.63633
0.629099
0.608286
0.672945
0.64335
0.652736
0.594146
0.597559
0.637499
0.670625
0.652574
0.597419
0.617508
0.610575
0.589985
0.633575
0.650386
0.675641
0.617844
0.630731
0.618207
0.635427
0.608572
0.638668
0.639309
0.656106
0.628826
0.638642
0.67148
0.659835
0.609989
0.658075
0.65468
0.632282
0.651549
0.659131
0.643961
0.667637
0.644067
0.684065
0.661018
0.639237
0.639467
0.633748
0.619718
0.63427
0.619552
0.609612
0.669153
0.680468
0.619575
0.618989
0.619141
0.627733
0.590758
0.61192
0.656061
0.584855
0.595329
0.613084
0.641563
0.633303
0.622356
0.613938
0.641767
0.652819
0.625549
0.60534
0.664431
0.656674
0.66245
0.64489
0.649328
0.622419
0.610042
0.646861
0.557331
0.606952
0.635131
0.633931
0.622336
0.627596
0.655806
0.616831
