0.925784
0.953135
0.949129
0.939382
0.979423
0.96892
0.924896
0.949526
0.965933
0.932117
0.941685
0.966796
0.96831
0.933349
0.961383
0.953189
0.956838
0.938764
0.932886
0.941039
0.942294
0.945253
0.948666
0.938881
0.935253
0.958225
0.944835
0.954844
0.960234
0.978199
0.946045
0.949899
0.914649
0.979441
0.930138
0.924074
0.958374
0.967397
0.941796
0.968845
0.940282
0.92492
0.958105
0.942126
0.933503
0.929686
0.926903
0.953468
0.952984
0.896984
0.929731
0.926778
0.928228
0.934792
0.951213
0.971517
0.984912
0.962223
0.942628
0.921896
0.950236
0.951547
0.909408
0.940611
0.93773
0.949751
0.996171
0.947386
0.925557
0.909163
0.97516
0.946965
0.936115
0.95594
0.964667
0.974164
0.959953
0.936794
0.979161
0.982919
0.939046
0.947025
0.91368
0.946131
0.960211
0.940062
0.917287
0.926598
0.950223
0.955416
0.970778
0.951481
0.970217
0.954107
0.960839
0.967536
0.964825
0.953397
0.94148
0.947295
