0.430335
0.420533
0.406179
0.445792
0.440797
0.375085
0.398749
0.391858
0.419812
0.401627
0.426235
0.398441
0.435502
0.375757
0.353984
0.45599
0.417613
0.391638
0.366314
0.396922
0.348654
0.436771
0.450841
0.433591
0.404423
0.378764
0.387595
0.430262
0.412709
0.393456
0.375728
0.378741
0.394258
0.369046
0.395435
0.43563
0.422849
0.350949
0.440465
0.395241
0.42082
0.379339
0.35862
0.348049
0.412809
0.443228
0.387067
0.421508
0.376609
0.323563
0.407661
0.345077
0.40458
0.391201
0.390053
0.441675
0.380173
0.419852
0.430972
0.429986
0.420099
0.363266
0.388195
0.427851
0.404571
0.415871
0.460151
0.408089
0.41799
0.441334
0.38225
0.381568
0.391535
0.379361
0.457132
0.422157
0.405567
0.421907
0.388157
0.428384
0.432035
0.399717
0.414607
0.445112
0.372015
0.400838
0.427509
0.409758
0.384729
0.406507
0.399228
0.398415
0.384907
0.415199
0.3653
0.434334
0.377809
0.418506
0.428243
0.430295
