0.570389
0.549297
0.617727
0.549516
0.53409
0.586971
0.518091
0.558795
0.572038
0.495578
0.577496
0.578615
0.527356
0.557112
0.528851
0.546385
0.517767
0.576039
0.550804
0.558671
0.511878
0.525845
0.469067
0.590243
0.540146
0.558984
0.551844
0.490163
0.545018
0.528104
0.569298
0.560304
0.561793
0.493661
0.548464
0.545051
0.569054
0.508608
0.53382
0.547061
0.533949
0.565607
0.538179
0.53338
0.539062
0.542741
0.520189
0.559888
0.527858
0.532528
0.567878
0.50672
0.546944
0.54997
0.532857
0.557792
0.561849
0.548203
0.537741
0.558016
0.523458
0.56406
0.544992
0.5316
0.470951
0.553685
0.566572
0.477981
0.5681
0.551578
0.54697
0.52484
0.542959
0.538181
0.568668
0.553315
0.560587
0.510464
0.540215
0.5563
0.542896
0.564623
0.524594
0.538566
0.542869
0.538433
0.544971
0.558151
0.566933
0.539945
0.536595
0.548187
0.540651
0.555605
0.528621
0.531996
0.582965
0.563452
0.516874
0.579323
