0.133689
0.157847
0.162661
0.217417
0.124001
0.156964
0.193104
0.124394
0.163641
0.16129
0.167391
0.163065
0.120849
0.139341
0.215888
0.139006
0.150728
0.22156
0.149367
0.145716
0.127216
0.164607
0.127878
0.150562
0.145333
0.172033
0.116329
0.176938
0.130857
0.131885
0.159743
0.130266
0.174026
0.186806
0.165271
0.129413
0.149694
0.127213
0.169344
0.156802
0.214321
0.229076
0.140288
0.164487
0.157772
0.147739
0.150552
0.118091
0.170565
0.232129
0.196432
0.131907
0.125101
0.163604
0.154616
0.202215
0.131848
0.114461
0.140092
0.117668
0.177538
0.141457
0.179267
0.218441
0.118096
0.141403
0.146998
0.170179
0.134476
0.147766
0.187061
0.165468
0.113473
0.177428
0.158859
0.16326
0.180689
0.205727
0.218068
0.144169
0.173468
0.139531
0.157652
0.148736
0.172142
0.226446
0.144305
0.153249
0.126459
0.150391
0.123542
0.147031
0.141292
0.234103
0.181983
0.149221
0.133043
0.163184
0.145599
0.130436
