0.67775
0.701408
0.678764
0.705808
0.67783
0.713691
0.715634
0.685058
0.651873
0.684562
0.686404
0.693384
0.6521
0.695986
0.683747
0.673281
0.665704
0.675103
0.71062
0.706783
0.722689
0.685906
0.699348
0.701539
0.694177
0.714619
0.668496
0.660611
0.706963
0.670364
0.679629
0.737811
0.694094
0.694653
0.691804
0.760948
0.725563
0.724546
0.65764
0.720577
0.717433
0.693961
0.715001
0.680181
0.709478
0.703624
0.710781
0.698245
0.689113
0.690272
0.696756
0.664244
0.68295
0.714994
0.6605
0.678788
0.766137
0.719954
0.691141
0.688464
0.701529
0.72813
0.706965
0.700898
0.695964
0.688193
0.693833
0.70353
0.686413
0.718264
0.683337
0.667596
0.681274
0.688763
0.672527
0.658485
0.691217
0.722797
0.715427
0.693311
0.662414
0.690409
0.651424
0.669035
0.672173
0.694005
0.727215
0.689425
0.658709
0.691186
0.685061
0.67149
0.710291
0.715188
0.716754
0.670735
0.699399
0.697362
0.705326
0.693024
