0.751062
0.771304
0.751134
0.772358
0.788581
0.753957
0.750212
0.751185
0.739484
0.724019
0.716742
0.722248
0.768925
0.784668
0.74026
0.788895
0.789862
0.758416
0.783824
0.754989
0.801713
0.73953
0.76415
0.741189
0.740019
0.738024
0.765151
0.791684
0.746293
0.747297
0.717435
0.779462
0.770397
0.796259
0.74442
0.697764
0.784281
0.773323
0.768595
0.767664
0.773275
0.795376
0.714455
0.756479
0.752361
0.807868
0.763005
0.788063
0.783503
0.78669
0.745581
0.752406
0.793793
0.82619
0.757147
0.764802
0.776921
0.805471
0.743959
0.765337
0.790502
0.796363
0.768907
0.75616
0.742457
0.734262
0.760627
0.753628
0.768625
0.752204
0.782636
0.782496
0.775072
0.763327
0.734474
0.762961
0.739257
0.779812
0.756018
0.766535
0.773138
0.759472
0.762255
0.760262
0.786614
0.758821
0.802911
0.808676
0.763425
0.760048
0.764255
0.765685
0.767584
0.766312
0.735581
0.756552
0.725958
0.75887
0.76896
0.777579
