0.831315
0.885059
0.853649
0.848885
0.866376
0.842708
0.8596
0.856134
0.851648
0.79914
0.878492
0.848996
0.861076
0.843651
0.866204
0.838837
0.836891
0.826096
0.809829
0.853917
0.835608
0.855287
0.885502
0.851575
0.868134
0.836022
0.849905
0.856211
0.853179
0.861572
0.829466
0.815026
0.836544
0.826464
0.829245
0.848668
0.826144
0.856314
0.842454
0.853444
0.875404
0.839558
0.839357
0.851965
0.84119
0.861075
0.843872
0.840891
0.863342
0.82942
0.855042
0.847061
0.870568
0.886463
0.834128
0.867961
0.929155
0.847531
0.815161
0.832378
0.856736
0.854612
0.846004
0.851184
0.857008
0.865705
0.834587
0.823124
0.877089
0.860333
0.891528
0.851068
0.871274
0.863917
0.879652
0.874436
0.801722
0.821964
0.858811
0.824062
0.862315
0.844789
0.898044
0.849221
0.851796
0.882453
0.858021
0.850193
0.843194
0.793388
0.850582
0.847801
0.852602
0.861111
0.851822
0.844044
0.872047
0.847797
0.872359
0.838862
