0.265405
0.274642
0.247529
0.218964
0.242713
0.202854
0.259022
0.219505
0.263725
0.213121
0.197109
0.217318
0.207102
0.227957
0.245377
0.232606
0.258363
0.260738
0.215209
0.204703
0.257339
0.216443
0.20912
0.258243
0.212906
0.250792
0.240477
0.217464
0.207815
0.235981
0.210849
0.247797
0.223948
0.214262
0.21979
0.268727
0.258471
0.221761
0.255398
0.223776
0.214778
0.250291
0.199031
0.272444
0.230894
0.215664
0.260065
0.220796
0.202266
0.268157
0.262168
0.239654
0.265366
0.222464
0.212545
0.223996
0.217633
0.24747
0.19443
0.259614
0.251209
0.23544
0.219046
0.213779
0.202939
0.19909
0.21519
0.211426
0.241229
0.2168
0.256218
0.234315
0.254886
0.213745
0.225464
0.203636
0.200345
0.20752
0.217722
0.230456
0.226061
0.234841
0.254301
0.24402
0.230619
0.196367
0.226542
0.21141
0.216765
0.259608
0.201475
0.22067
0.256592
0.218841
0.227064
0.260536
0.236348
0.271558
0.222359
0.223482
